<?xml version="1.0" encoding="UTF-8"?>
<!-- Generated by org.testng.reporters.JUnitReportReporter -->
<testsuite skipped="0" hostname="streamline68" name="com.zoho.tests.VerifyVersion" tests="2" failures="0" timestamp="09 Jul 2017 16:01:18 GMT" time="35.199" errors="0">
  <testcase name="testVerifyVersion" time="15.761" classname="com.zoho.tests.VerifyVersion"/>
  <testcase name="testVerifyVersion" time="19.438" classname="com.zoho.tests.VerifyVersion"/>
</testsuite> <!-- com.zoho.tests.VerifyVersion -->
