<?xml version="1.0" encoding="UTF-8"?>
<!-- Generated by org.testng.reporters.JUnitReportReporter -->
<testsuite skipped="0" hostname="streamline68" name="com.zoho.tests.ValidLoginLogout" tests="2" failures="0" timestamp="09 Jul 2017 16:01:18 GMT" time="37.730" errors="0">
  <testcase name="testValidLoginLogout" time="16.225" classname="com.zoho.tests.ValidLoginLogout"/>
  <testcase name="testValidLoginLogout" time="21.505" classname="com.zoho.tests.ValidLoginLogout"/>
</testsuite> <!-- com.zoho.tests.ValidLoginLogout -->
