<?xml version="1.0" encoding="UTF-8"?>
<!-- Generated by org.testng.reporters.JUnitReportReporter -->
<testsuite skipped="0" hostname="streamline68" name="com.zoho.tests.InvalidLogin" tests="2" failures="0" timestamp="09 Jul 2017 16:01:18 GMT" time="32.294" errors="0">
  <testcase name="testInvalidLogin" time="12.279" classname="com.zoho.tests.InvalidLogin"/>
  <testcase name="testInvalidLogin" time="20.015" classname="com.zoho.tests.InvalidLogin"/>
</testsuite> <!-- com.zoho.tests.InvalidLogin -->
